<?xml version="1.0" encoding="UTF-8"?>
<!-- Generated by org.testng.reporters.JUnitXMLReporter -->
<testsuite ignored="0" hostname="DESKTOP-5OEBSNI" failures="0" tests="6" name="Default test" time="125.702" errors="0" timestamp="2024-03-08T14:56:58 IST">
  <testcase classname="testng.TestNG_9_Aalphabatical_Order" name="flipkart" time="13.108"/>
  <testcase classname="testng.TestNG_9_Aalphabatical_Order" name="gmail" time="13.522"/>
  <testcase classname="testng.TestNG_9_Aalphabatical_Order" name="redmine" time="33.943"/>
  <testcase classname="testng.TestNG_9_Aalphabatical_Order" name="schools9" time="5.009"/>
  <testcase classname="testng.TestNG_9_Aalphabatical_Order" name="selenium" time="5.357"/>
  <testcase classname="testng.TestNG_9_Aalphabatical_Order" name="twitter" time="6.656"/>
</testsuite> <!-- Default test -->
