<?xml version="1.0" encoding="UTF-8"?>
<testng-results ignored="0" total="6" passed="6" failed="0" skipped="0">
  <reporter-output>
  </reporter-output>
  <suite started-at="2024-03-08T14:54:52 IST" name="Default suite" finished-at="2024-03-08T14:56:58 IST" duration-ms="125702">
    <groups>
    </groups>
    <test started-at="2024-03-08T14:54:52 IST" name="Default test" finished-at="2024-03-08T14:56:58 IST" duration-ms="125702">
      <class name="testng.TestNG_9_Aalphabatical_Order">
        <test-method is-config="true" signature="beforeTest()[pri:0, instance:testng.TestNG_9_Aalphabatical_Order@4ea5b703]" started-at="2024-03-08T14:54:52 IST" name="beforeTest" finished-at="2024-03-08T14:55:37 IST" duration-ms="44985" status="PASS">
          <reporter-output>
          </reporter-output>
        </test-method> <!-- beforeTest -->
        <test-method signature="flipkart()[pri:0, instance:testng.TestNG_9_Aalphabatical_Order@4ea5b703]" started-at="2024-03-08T14:55:37 IST" name="flipkart" finished-at="2024-03-08T14:55:50 IST" duration-ms="13108" status="PASS">
          <reporter-output>
          </reporter-output>
        </test-method> <!-- flipkart -->
        <test-method signature="gmail()[pri:0, instance:testng.TestNG_9_Aalphabatical_Order@4ea5b703]" started-at="2024-03-08T14:55:50 IST" name="gmail" finished-at="2024-03-08T14:56:04 IST" duration-ms="13522" status="PASS">
          <reporter-output>
          </reporter-output>
        </test-method> <!-- gmail -->
        <test-method signature="redmine()[pri:0, instance:testng.TestNG_9_Aalphabatical_Order@4ea5b703]" started-at="2024-03-08T14:56:04 IST" name="redmine" finished-at="2024-03-08T14:56:38 IST" duration-ms="33943" status="PASS">
          <reporter-output>
          </reporter-output>
        </test-method> <!-- redmine -->
        <test-method signature="schools9()[pri:0, instance:testng.TestNG_9_Aalphabatical_Order@4ea5b703]" started-at="2024-03-08T14:56:38 IST" name="schools9" finished-at="2024-03-08T14:56:43 IST" duration-ms="5009" status="PASS">
          <reporter-output>
          </reporter-output>
        </test-method> <!-- schools9 -->
        <test-method signature="selenium()[pri:0, instance:testng.TestNG_9_Aalphabatical_Order@4ea5b703]" started-at="2024-03-08T14:56:43 IST" name="selenium" finished-at="2024-03-08T14:56:48 IST" duration-ms="5357" status="PASS">
          <reporter-output>
          </reporter-output>
        </test-method> <!-- selenium -->
        <test-method signature="twitter()[pri:0, instance:testng.TestNG_9_Aalphabatical_Order@4ea5b703]" started-at="2024-03-08T14:56:48 IST" name="twitter" finished-at="2024-03-08T14:56:55 IST" duration-ms="6656" status="PASS">
          <reporter-output>
          </reporter-output>
        </test-method> <!-- twitter -->
        <test-method is-config="true" signature="afterTest()[pri:0, instance:testng.TestNG_9_Aalphabatical_Order@4ea5b703]" started-at="2024-03-08T14:56:55 IST" name="afterTest" finished-at="2024-03-08T14:56:58 IST" duration-ms="3073" status="PASS">
          <reporter-output>
          </reporter-output>
        </test-method> <!-- afterTest -->
      </class> <!-- testng.TestNG_9_Aalphabatical_Order -->
    </test> <!-- Default test -->
  </suite> <!-- Default suite -->
</testng-results>
