<?xml version="1.0" encoding="UTF-8"?>
<!-- Generated by org.testng.reporters.JUnitReportReporter -->
<testsuite hostname="DESKTOP-5OEBSNI" failures="0" tests="5" name="actionclassprogram.RightDoubleDragMouse" time="41.696" errors="0" timestamp="2024-03-04T14:18:33 IST" skipped="4">
  <testcase classname="actionclassprogram.RightDoubleDragMouse" name="keyboardfuncation" time="41.696"/>
  <testcase classname="actionclassprogram.RightDoubleDragMouse" name="doubleclick">
    <skipped/>
  </testcase> <!-- doubleclick -->
  <testcase classname="actionclassprogram.RightDoubleDragMouse" name="draganddrop">
    <skipped/>
  </testcase> <!-- draganddrop -->
  <testcase classname="actionclassprogram.RightDoubleDragMouse" name="rightclick">
    <skipped/>
  </testcase> <!-- rightclick -->
  <testcase classname="actionclassprogram.RightDoubleDragMouse" name="mousehover">
    <skipped/>
  </testcase> <!-- mousehover -->
</testsuite> <!-- actionclassprogram.RightDoubleDragMouse -->
