<?xml version="1.0" encoding="UTF-8"?>
<!-- Generated by org.testng.reporters.JUnitReportReporter -->
<testsuite hostname="DESKTOP-5OEBSNI" failures="0" tests="2" name="testng.TestNG_5_DependOnMethods" time="44.011" errors="0" timestamp="2024-03-01T19:07:57 IST" skipped="0">
  <testcase classname="testng.TestNG_5_DependOnMethods" name="method2" time="2.766"/>
  <testcase classname="testng.TestNG_5_DependOnMethods" name="method1" time="41.245"/>
</testsuite> <!-- testng.TestNG_5_DependOnMethods -->
