<?xml version="1.0" encoding="UTF-8"?>
<!-- Generated by org.testng.reporters.JUnitReportReporter -->
<testsuite hostname="DESKTOP-5OEBSNI" failures="0" tests="6" name="testng.TestNG_9_Aalphabatical_Order" time="77.595" errors="0" timestamp="2024-03-08T14:56:59 IST" skipped="0">
  <testcase classname="testng.TestNG_9_Aalphabatical_Order" name="twitter" time="6.656"/>
  <testcase classname="testng.TestNG_9_Aalphabatical_Order" name="gmail" time="13.522"/>
  <testcase classname="testng.TestNG_9_Aalphabatical_Order" name="flipkart" time="13.108"/>
  <testcase classname="testng.TestNG_9_Aalphabatical_Order" name="redmine" time="33.943"/>
  <testcase classname="testng.TestNG_9_Aalphabatical_Order" name="schools9" time="5.009"/>
  <testcase classname="testng.TestNG_9_Aalphabatical_Order" name="selenium" time="5.357"/>
</testsuite> <!-- testng.TestNG_9_Aalphabatical_Order -->
